<recordTarget>
  <patientRole>
    <id root="2.16.840.1.113883.19.5" extension="PT-470123" />
    <id root="2.16.840.1.113883.4.1" extension="555-55-5555" />
    <addr use="H">
      <streetAddressLine>2222 Home Street</streetAddressLine>
      <city>Salt Lake City</city>
      <state>UT</state>
      <postalCode>84101</postalCode>
      <county>Salt Lake County</county>
      <country>US</country>
    </addr>
    <telecom use="H" value="tel:555-555-2005" />
    <telecom use="H" value="mailto:kkkidd@email.com" />
    <patient>
      <name use="L">
        <given>Kid</given>
        <family>Karri</family>
      </name>
      <administrativeGenderCode code="F" codeSystem="2.16.840.1.113883.5.1" displayName="Female" />
      <birthTime value="20021027" />
      <sdtc:deceasedInd value="false" />
      <raceCode code="2028-9" codeSystem="2.16.840.1.113883.6.238"
        codeSystemName="Race &amp; Ethnicity - CDC" displayName="Asian" />
      <ethnicGroupCode code="2186-5" codeSystem="2.16.840.1.113883.6.238"
        codeSystemName="Race &amp; Ethnicity - CDC" displayName="Not Hispanic or Latino" />
      <languageCommunication>
        <languageCode code="en" />
        <preferenceInd value="true" />
      </languageCommunication>
    </patient>
    <guardian>
      <guardianPerson>
        <name use="L">
          <given>Martha</given>
          <family>Mum</family>
        </name>
      </guardianPerson>
      <addr use="H">
        <streetAddressLine>2222 Home Street</streetAddressLine>
        <city>Salt Lake City</city>
        <state>UT</state>
        <postalCode>84101</postalCode>
        <county>Salt Lake County</county>
        <country>US</country>
      </addr>
      <telecom use="H" value="tel:555-555-2005" />
      <telecom use="H" value="mailto:mmmum@email.com" />
    </guardian>
  </patientRole>
</recordTarget>
